#
# There is insufficient memory for the Java Runtime Environment to continue.
# Native memory allocation (malloc) failed to allocate 262160 bytes for Chunk::new
# Possible reasons:
#   The system is out of physical RAM or swap space
#   In 32 bit mode, the process size limit was hit
# Possible solutions:
#   Reduce memory load on the system
#   Increase physical memory or swap space
#   Check if swap backing store is full
#   Use 64 bit Java on a 64 bit OS
#   Decrease Java heap size (-Xmx/-Xms)
#   Decrease number of Java threads
#   Decrease Java thread stack sizes (-Xss)
#   Set larger code cache with -XX:ReservedCodeCacheSize=
# This output file may be truncated or incomplete.
#
#  Out of Memory Error (allocation.cpp:390), pid=14088, tid=0x00000000000025ec
#
# JRE version: Java(TM) SE Runtime Environment (8.0_151-b12) (build 1.8.0_151-b12)
# Java VM: Java HotSpot(TM) 64-Bit Server VM (25.151-b12 mixed mode windows-amd64 compressed oops)
# Failed to write core dump. Minidumps are not enabled by default on client versions of Windows
#

---------------  T H R E A D  ---------------

Current thread (0x000000001a4d5000):  JavaThread "C2 CompilerThread2" daemon [_thread_in_native, id=9708, stack(0x000000001ad40000,0x000000001ae40000)]

Stack: [0x000000001ad40000,0x000000001ae40000]
[error occurred during error reporting (printing stack bounds), id 0xc0000005]

Native frames: (J=compiled Java code, j=interpreted, Vv=VM code, C=native code)


Current CompileTask:
C2:  12614 4172   !   4       org.springframework.util.ReflectionUtils::doWithMethods (176 bytes)


---------------  P R O C E S S  ---------------

Java Threads: ( => current thread )
  0x0000000020533800 JavaThread "commons-pool-evictor-thread" [_thread_blocked, id=13968, stack(0x0000000021d00000,0x0000000021e00000)]
  0x000000001c909000 JavaThread "logback-5" daemon [_thread_blocked, id=16228, stack(0x0000000021900000,0x0000000021a00000)]
  0x000000001c3a6800 JavaThread "logback-4" daemon [_thread_blocked, id=19436, stack(0x0000000021800000,0x0000000021900000)]
  0x000000001d9c9000 JavaThread "logback-3" daemon [_thread_blocked, id=15968, stack(0x000000001f360000,0x000000001f460000)]
  0x000000001a564000 JavaThread "Service Thread" daemon [_thread_blocked, id=11592, stack(0x000000001af40000,0x000000001b040000)]
  0x000000001a4de000 JavaThread "C1 CompilerThread3" daemon [_thread_in_native, id=1588, stack(0x000000001ae40000,0x000000001af40000)]
=>0x000000001a4d5000 JavaThread "C2 CompilerThread2" daemon [_thread_in_native, id=9708, stack(0x000000001ad40000,0x000000001ae40000)]
  0x000000001a4d2000 JavaThread "C2 CompilerThread1" daemon [_thread_in_native, id=13644, stack(0x000000001ac40000,0x000000001ad40000)]
  0x000000001858d800 JavaThread "C2 CompilerThread0" daemon [_thread_in_native, id=14612, stack(0x000000001ab40000,0x000000001ac40000)]
  0x000000001858a000 JavaThread "Attach Listener" daemon [_thread_blocked, id=10608, stack(0x000000001aa40000,0x000000001ab40000)]
  0x000000001a4d0000 JavaThread "Signal Dispatcher" daemon [_thread_blocked, id=10000, stack(0x000000001a940000,0x000000001aa40000)]
  0x00000000035be000 JavaThread "Finalizer" daemon [_thread_blocked, id=8804, stack(0x000000001a840000,0x000000001a940000)]
  0x00000000035b7000 JavaThread "Reference Handler" daemon [_thread_blocked, id=14040, stack(0x000000001a340000,0x000000001a440000)]
  0x0000000002f8e000 JavaThread "main" [_thread_in_Java, id=6280, stack(0x00000000033c0000,0x00000000034c0000)]

Other Threads:
  0x0000000018578000 VMThread [stack: 0x000000001a240000,0x000000001a340000] [id=6152]
  0x000000001a5df800 WatcherThread [stack: 0x000000001b040000,0x000000001b140000] [id=19924]

VM state:not at safepoint (normal execution)

VM Mutex/Monitor currently owned by a thread: None

Heap:
 PSYoungGen      total 222720K, used 38539K [0x00000000d5c00000, 0x00000000e4000000, 0x0000000100000000)
  eden space 211968K, 13% used [0x00000000d5c00000,0x00000000d78ec928,0x00000000e2b00000)
  from space 10752K, 82% used [0x00000000e2b00000,0x00000000e33b6678,0x00000000e3580000)
  to   space 9216K, 0% used [0x00000000e3700000,0x00000000e3700000,0x00000000e4000000)
 ParOldGen       total 56832K, used 18864K [0x0000000081400000, 0x0000000084b80000, 0x00000000d5c00000)
  object space 56832K, 33% used [0x0000000081400000,0x000000008266c328,0x0000000084b80000)
 Metaspace       used 41560K, capacity 42212K, committed 42792K, reserved 1087488K
  class space    used 5208K, capacity 5343K, committed 5424K, reserved 1048576K

Card table byte_map: [0x0000000012980000,0x0000000012d80000] byte_map_base: 0x0000000012576000

Marking Bits: (ParMarkBitMap*) 0x000000005f00d850
 Begin Bits: [0x0000000013830000, 0x00000000157e0000)
 End Bits:   [0x00000000157e0000, 0x0000000017790000)

Polling page: 0x0000000001150000

CodeCache: size=245760Kb used=18129Kb max_used=18129Kb free=227630Kb
 bounds [0x00000000035c0000, 0x0000000004790000, 0x00000000125c0000]
 total_blobs=4978 nmethods=4507 adapters=383
 compilation: enabled

Compilation events (10 events):
Event: 12.590 Thread 0x000000001a4de000 5007       3       org.aspectj.weaver.ReferenceType::clearParameterizationCaches (35 bytes)
Event: 12.593 Thread 0x000000001a4de000 nmethod 5007 0x0000000004780b90 code [0x0000000004780d20, 0x00000000047811f0]
Event: 12.593 Thread 0x000000001a4de000 5009       1       org.springframework.aop.framework.AdvisedSupport::getTargetSource (5 bytes)
Event: 12.594 Thread 0x000000001a4de000 nmethod 5009 0x0000000004781410 code [0x0000000004781560, 0x0000000004781670]
Event: 12.594 Thread 0x000000001a4de000 5010       1       org.springframework.aop.framework.ProxyConfig::isFrozen (5 bytes)
Event: 12.595 Thread 0x000000001a4de000 nmethod 5010 0x00000000047816d0 code [0x0000000004781820, 0x0000000004781930]
Event: 12.595 Thread 0x000000001a4de000 5008       3       org.aspectj.weaver.ReferenceType::ensureConsistent (86 bytes)
Event: 12.598 Thread 0x000000001a4de000 nmethod 5008 0x0000000004781990 code [0x0000000004781b80, 0x0000000004782728]
Event: 12.598 Thread 0x000000001a4de000 5011       3       org.springframework.cglib.core.Block::end (29 bytes)
Event: 12.599 Thread 0x000000001a4de000 nmethod 5011 0x0000000004782ad0 code [0x0000000004782c80, 0x0000000004783298]

GC Heap History (10 events):
Event: 6.167 GC heap before
{Heap before GC invocations=9 (full 1):
 PSYoungGen      total 142848K, used 139422K [0x00000000d5c00000, 0x00000000e4100000, 0x0000000100000000)
  eden space 132608K, 100% used [0x00000000d5c00000,0x00000000ddd80000,0x00000000ddd80000)
  from space 10240K, 66% used [0x00000000ddd80000,0x00000000de427b38,0x00000000de780000)
  to   space 10240K, 0% used [0x00000000e3700000,0x00000000e3700000,0x00000000e4100000)
 ParOldGen       total 56832K, used 8122K [0x0000000081400000, 0x0000000084b80000, 0x00000000d5c00000)
  object space 56832K, 14% used [0x0000000081400000,0x0000000081bee8d8,0x0000000084b80000)
 Metaspace       used 27543K, capacity 27982K, committed 28464K, reserved 1075200K
  class space    used 3406K, capacity 3510K, committed 3632K, reserved 1048576K
Event: 6.182 GC heap after
Heap after GC invocations=9 (full 1):
 PSYoungGen      total 221184K, used 8711K [0x00000000d5c00000, 0x00000000e4000000, 0x0000000100000000)
  eden space 211968K, 0% used [0x00000000d5c00000,0x00000000d5c00000,0x00000000e2b00000)
  from space 9216K, 94% used [0x00000000e3700000,0x00000000e3f81cf0,0x00000000e4000000)
  to   space 10752K, 0% used [0x00000000e2b00000,0x00000000e2b00000,0x00000000e3580000)
 ParOldGen       total 56832K, used 8130K [0x0000000081400000, 0x0000000084b80000, 0x00000000d5c00000)
  object space 56832K, 14% used [0x0000000081400000,0x0000000081bf08d8,0x0000000084b80000)
 Metaspace       used 27543K, capacity 27982K, committed 28464K, reserved 1075200K
  class space    used 3406K, capacity 3510K, committed 3632K, reserved 1048576K
}
Event: 7.765 GC heap before
{Heap before GC invocations=10 (full 1):
 PSYoungGen      total 221184K, used 220679K [0x00000000d5c00000, 0x00000000e4000000, 0x0000000100000000)
  eden space 211968K, 100% used [0x00000000d5c00000,0x00000000e2b00000,0x00000000e2b00000)
  from space 9216K, 94% used [0x00000000e3700000,0x00000000e3f81cf0,0x00000000e4000000)
  to   space 10752K, 0% used [0x00000000e2b00000,0x00000000e2b00000,0x00000000e3580000)
 ParOldGen       total 56832K, used 8130K [0x0000000081400000, 0x0000000084b80000, 0x00000000d5c00000)
  object space 56832K, 14% used [0x0000000081400000,0x0000000081bf08d8,0x0000000084b80000)
 Metaspace       used 31171K, capacity 31668K, committed 32048K, reserved 1077248K
  class space    used 3964K, capacity 4087K, committed 4144K, reserved 1048576K
Event: 7.782 GC heap after
Heap after GC invocations=10 (full 1):
 PSYoungGen      total 222720K, used 10738K [0x00000000d5c00000, 0x00000000e4000000, 0x0000000100000000)
  eden space 211968K, 0% used [0x00000000d5c00000,0x00000000d5c00000,0x00000000e2b00000)
  from space 10752K, 99% used [0x00000000e2b00000,0x00000000e357c800,0x00000000e3580000)
  to   space 9216K, 0% used [0x00000000e3700000,0x00000000e3700000,0x00000000e4000000)
 ParOldGen       total 56832K, used 10293K [0x0000000081400000, 0x0000000084b80000, 0x00000000d5c00000)
  object space 56832K, 18% used [0x0000000081400000,0x0000000081e0d7f8,0x0000000084b80000)
 Metaspace       used 31171K, capacity 31668K, committed 32048K, reserved 1077248K
  class space    used 3964K, capacity 4087K, committed 4144K, reserved 1048576K
}
Event: 9.682 GC heap before
{Heap before GC invocations=11 (full 1):
 PSYoungGen      total 222720K, used 149748K [0x00000000d5c00000, 0x00000000e4000000, 0x0000000100000000)
  eden space 211968K, 65% used [0x00000000d5c00000,0x00000000de3c0808,0x00000000e2b00000)
  from space 10752K, 99% used [0x00000000e2b00000,0x00000000e357c800,0x00000000e3580000)
  to   space 9216K, 0% used [0x00000000e3700000,0x00000000e3700000,0x00000000e4000000)
 ParOldGen       total 56832K, used 10293K [0x0000000081400000, 0x0000000084b80000, 0x00000000d5c00000)
  object space 56832K, 18% used [0x0000000081400000,0x0000000081e0d7f8,0x0000000084b80000)
 Metaspace       used 34745K, capacity 35228K, committed 35496K, reserved 1081344K
  class space    used 4410K, capacity 4515K, committed 4528K, reserved 1048576K
Event: 9.699 GC heap after
Heap after GC invocations=11 (full 1):
 PSYoungGen      total 221184K, used 8573K [0x00000000d5c00000, 0x00000000e4000000, 0x0000000100000000)
  eden space 211968K, 0% used [0x00000000d5c00000,0x00000000d5c00000,0x00000000e2b00000)
  from space 9216K, 93% used [0x00000000e3700000,0x00000000e3f5f440,0x00000000e4000000)
  to   space 10752K, 0% used [0x00000000e2b00000,0x00000000e2b00000,0x00000000e3580000)
 ParOldGen       total 56832K, used 14957K [0x0000000081400000, 0x0000000084b80000, 0x00000000d5c00000)
  object space 56832K, 26% used [0x0000000081400000,0x000000008229b448,0x0000000084b80000)
 Metaspace       used 34745K, capacity 35228K, committed 35496K, reserved 1081344K
  class space    used 4410K, capacity 4515K, committed 4528K, reserved 1048576K
}
Event: 9.700 GC heap before
{Heap before GC invocations=12 (full 2):
 PSYoungGen      total 221184K, used 8573K [0x00000000d5c00000, 0x00000000e4000000, 0x0000000100000000)
  eden space 211968K, 0% used [0x00000000d5c00000,0x00000000d5c00000,0x00000000e2b00000)
  from space 9216K, 93% used [0x00000000e3700000,0x00000000e3f5f440,0x00000000e4000000)
  to   space 10752K, 0% used [0x00000000e2b00000,0x00000000e2b00000,0x00000000e3580000)
 ParOldGen       total 56832K, used 14957K [0x0000000081400000, 0x0000000084b80000, 0x00000000d5c00000)
  object space 56832K, 26% used [0x0000000081400000,0x000000008229b448,0x0000000084b80000)
 Metaspace       used 34745K, capacity 35228K, committed 35496K, reserved 1081344K
  class space    used 4410K, capacity 4515K, committed 4528K, reserved 1048576K
Event: 9.841 GC heap after
Heap after GC invocations=12 (full 2):
 PSYoungGen      total 221184K, used 0K [0x00000000d5c00000, 0x00000000e4000000, 0x0000000100000000)
  eden space 211968K, 0% used [0x00000000d5c00000,0x00000000d5c00000,0x00000000e2b00000)
  from space 9216K, 0% used [0x00000000e3700000,0x00000000e3700000,0x00000000e4000000)
  to   space 10752K, 0% used [0x00000000e2b00000,0x00000000e2b00000,0x00000000e3580000)
 ParOldGen       total 56832K, used 18856K [0x0000000081400000, 0x0000000084b80000, 0x00000000d5c00000)
  object space 56832K, 33% used [0x0000000081400000,0x000000008266a328,0x0000000084b80000)
 Metaspace       used 34745K, capacity 35228K, committed 35496K, reserved 1081344K
  class space    used 4410K, capacity 4515K, committed 4528K, reserved 1048576K
}
Event: 12.425 GC heap before
{Heap before GC invocations=13 (full 2):
 PSYoungGen      total 221184K, used 211968K [0x00000000d5c00000, 0x00000000e4000000, 0x0000000100000000)
  eden space 211968K, 100% used [0x00000000d5c00000,0x00000000e2b00000,0x00000000e2b00000)
  from space 9216K, 0% used [0x00000000e3700000,0x00000000e3700000,0x00000000e4000000)
  to   space 10752K, 0% used [0x00000000e2b00000,0x00000000e2b00000,0x00000000e3580000)
 ParOldGen       total 56832K, used 18856K [0x0000000081400000, 0x0000000084b80000, 0x00000000d5c00000)
  object space 56832K, 33% used [0x0000000081400000,0x000000008266a328,0x0000000084b80000)
 Metaspace       used 41391K, capacity 41996K, committed 42536K, reserved 1087488K
  class space    used 5201K, capacity 5339K, committed 5424K, reserved 1048576K
Event: 12.442 GC heap after
Heap after GC invocations=13 (full 2):
 PSYoungGen      total 222720K, used 8921K [0x00000000d5c00000, 0x00000000e4000000, 0x0000000100000000)
  eden space 211968K, 0% used [0x00000000d5c00000,0x00000000d5c00000,0x00000000e2b00000)
  from space 10752K, 82% used [0x00000000e2b00000,0x00000000e33b6678,0x00000000e3580000)
  to   space 9216K, 0% used [0x00000000e3700000,0x00000000e3700000,0x00000000e4000000)
 ParOldGen       total 56832K, used 18864K [0x0000000081400000, 0x0000000084b80000, 0x00000000d5c00000)
  object space 56832K, 33% used [0x0000000081400000,0x000000008266c328,0x0000000084b80000)
 Metaspace       used 41391K, capacity 41996K, committed 42536K, reserved 1087488K
  class space    used 5201K, capacity 5339K, committed 5424K, reserved 1048576K
}

Deoptimization events (10 events):
Event: 12.090 Thread 0x0000000002f8e000 Uncommon trap: reason=bimorphic action=maybe_recompile pc=0x00000000043affbc method=org.springframework.cglib.core.CodeEmitter.emit_invoke(ILorg/springframework/asm/Type;Lorg/springframework/cglib/core/Signature;)V @ 56
Event: 12.090 Thread 0x0000000002f8e000 Uncommon trap: reason=unstable_if action=reinterpret pc=0x0000000004230624 method=org.springframework.asm.Frame.merge(Lorg/springframework/asm/ClassWriter;I[II)Z @ 80
Event: 12.095 Thread 0x0000000002f8e000 Uncommon trap: reason=unstable_if action=reinterpret pc=0x0000000004276b44 method=org.springframework.asm.Frame.merge(Lorg/springframework/asm/ClassWriter;Lorg/springframework/asm/Frame;I)Z @ 378
Event: 12.129 Thread 0x0000000002f8e000 Uncommon trap: reason=unstable_if action=reinterpret pc=0x0000000004314438 method=org.springframework.aop.framework.autoproxy.AbstractAutoProxyCreator.predictBeanType(Ljava/lang/Class;Ljava/lang/String;)Ljava/lang/Class; @ 9
Event: 12.135 Thread 0x0000000002f8e000 Uncommon trap: reason=unstable_if action=reinterpret pc=0x00000000036e4e78 method=org.springframework.beans.factory.support.AbstractAutowireCapableBeanFactory.predictBeanType(Ljava/lang/String;Lorg/springframework/beans/factory/support/RootBeanDefinition;
Event: 12.136 Thread 0x0000000002f8e000 Uncommon trap: reason=class_check action=maybe_recompile pc=0x00000000044fb5ec method=org.springframework.beans.factory.support.AbstractBeanFactory.isTypeMatch(Ljava/lang/String;Lorg/springframework/core/ResolvableType;)Z @ 37
Event: 12.139 Thread 0x0000000002f8e000 Uncommon trap: reason=class_check action=maybe_recompile pc=0x00000000044fb5ec method=org.springframework.beans.factory.support.AbstractBeanFactory.isTypeMatch(Ljava/lang/String;Lorg/springframework/core/ResolvableType;)Z @ 37
Event: 12.309 Thread 0x0000000002f8e000 Uncommon trap: reason=class_check action=maybe_recompile pc=0x00000000044fb5ec method=org.springframework.beans.factory.support.AbstractBeanFactory.isTypeMatch(Ljava/lang/String;Lorg/springframework/core/ResolvableType;)Z @ 37
Event: 12.335 Thread 0x0000000002f8e000 Uncommon trap: reason=unstable_if action=reinterpret pc=0x0000000003e5f2ac method=java.util.concurrent.ConcurrentHashMap.transfer([Ljava/util/concurrent/ConcurrentHashMap$Node;[Ljava/util/concurrent/ConcurrentHashMap$Node;)V @ 356
Event: 12.609 Thread 0x0000000002f8e000 Uncommon trap: reason=unstable_if action=reinterpret pc=0x0000000003d90680 method=java.util.concurrent.ConcurrentHashMap.transfer([Ljava/util/concurrent/ConcurrentHashMap$Node;[Ljava/util/concurrent/ConcurrentHashMap$Node;)V @ 356

Internal exceptions (10 events):
Event: 12.358 Thread 0x0000000002f8e000 Exception <a 'java/lang/ClassNotFoundException': com/kk/common/service/BaseServiceCustomizer> (0x00000000e1e9a338) thrown at [C:\re\workspace\8-2-build-windows-amd64-cygwin\jdk8u151\9699\hotspot\src\share\vm\classfile\systemDictionary.cpp, line 210]
Event: 12.361 Thread 0x0000000002f8e000 Exception <a 'java/lang/ClassNotFoundException': com/kk/user/entity/SysElementBeanInfo> (0x00000000e1ecd340) thrown at [C:\re\workspace\8-2-build-windows-amd64-cygwin\jdk8u151\9699\hotspot\src\share\vm\classfile\systemDictionary.cpp, line 210]
Event: 12.363 Thread 0x0000000002f8e000 Exception <a 'java/lang/ClassNotFoundException': com/kk/user/entity/SysElementCustomizer> (0x00000000e1ef3338) thrown at [C:\re\workspace\8-2-build-windows-amd64-cygwin\jdk8u151\9699\hotspot\src\share\vm\classfile\systemDictionary.cpp, line 210]
Event: 12.498 Thread 0x0000000002f8e000 Exception <a 'java/lang/ClassNotFoundException': java/lang/ObjectCustomizer> (0x00000000d634e150) thrown at [C:\re\workspace\8-2-build-windows-amd64-cygwin\jdk8u151\9699\hotspot\src\share\vm\classfile\systemDictionary.cpp, line 210]
Event: 12.499 Thread 0x0000000002f8e000 Exception <a 'java/lang/ClassNotFoundException': com/kk/common/service/impl/BaseServiceImplCustomizer> (0x00000000d63801b0) thrown at [C:\re\workspace\8-2-build-windows-amd64-cygwin\jdk8u151\9699\hotspot\src\share\vm\classfile\systemDictionary.cpp, line 2
Event: 12.500 Thread 0x0000000002f8e000 Exception <a 'java/lang/ClassNotFoundException': com/kk/user/service/impl/SysConnectionServiceImplCustomizer> (0x00000000d63bb4d8) thrown at [C:\re\workspace\8-2-build-windows-amd64-cygwin\jdk8u151\9699\hotspot\src\share\vm\classfile\systemDictionary.cpp,
Event: 12.502 Thread 0x0000000002f8e000 Exception <a 'java/lang/ClassNotFoundException': com/kk/user/service/ISysConnectionServiceCustomizer> (0x00000000d63ef310) thrown at [C:\re\workspace\8-2-build-windows-amd64-cygwin\jdk8u151\9699\hotspot\src\share\vm\classfile\systemDictionary.cpp, line 21
Event: 12.502 Thread 0x0000000002f8e000 Exception <a 'java/lang/ClassNotFoundException': com/kk/common/service/BaseServiceCustomizer> (0x00000000d6418ee8) thrown at [C:\re\workspace\8-2-build-windows-amd64-cygwin\jdk8u151\9699\hotspot\src\share\vm\classfile\systemDictionary.cpp, line 210]
Event: 12.505 Thread 0x0000000002f8e000 Exception <a 'java/lang/ClassNotFoundException': com/kk/user/entity/SysConnectionBeanInfo> (0x00000000d6451288) thrown at [C:\re\workspace\8-2-build-windows-amd64-cygwin\jdk8u151\9699\hotspot\src\share\vm\classfile\systemDictionary.cpp, line 210]
Event: 12.506 Thread 0x0000000002f8e000 Exception <a 'java/lang/ClassNotFoundException': com/kk/user/entity/SysConnectionCustomizer> (0x00000000d6477fb8) thrown at [C:\re\workspace\8-2-build-windows-amd64-cygwin\jdk8u151\9699\hotspot\src\share\vm\classfile\systemDictionary.cpp, line 210]

Events (10 events):
Event: 12.505 loading class com/kk/user/entity/SysConnectionCustomizer done
Event: 12.506 loading class com/kk/user/entity/SysConnectionCustomizer
Event: 12.506 loading class com/kk/user/entity/SysConnectionCustomizer done
Event: 12.506 loading class com/kk/user/entity/SysConnectionCustomizer
Event: 12.506 loading class com/kk/user/entity/SysConnectionCustomizer done
Event: 12.608 Thread 0x0000000002f8e000 Uncommon trap: trap_request=0xffffff65 fr.pc=0x0000000003d90680
Event: 12.608 Executing VM operation: RevokeBias
Event: 12.609 Executing VM operation: RevokeBias done
Event: 12.609 Thread 0x0000000002f8e000 DEOPT PACKING pc=0x0000000003d90680 sp=0x00000000034bc6d0
Event: 12.609 Thread 0x0000000002f8e000 DEOPT UNPACKING pc=0x000000000360582a sp=0x00000000034bc640 mode 2


Dynamic libraries:
0x00007ff745a70000 - 0x00007ff745aa7000 	C:\Program Files\Java\jdk1.8.0_151\jre\bin\java.exe
0x00007ff86d770000 - 0x00007ff86d941000 	C:\Windows\SYSTEM32\ntdll.dll
0x00007ff86d0d0000 - 0x00007ff86d17b000 	C:\Windows\System32\KERNEL32.DLL
0x00007ff869fb0000 - 0x00007ff86a1cd000 	C:\Windows\System32\KERNELBASE.dll
0x00007ff86d520000 - 0x00007ff86d5c2000 	C:\Windows\System32\ADVAPI32.dll
0x00007ff86afe0000 - 0x00007ff86b07e000 	C:\Windows\System32\msvcrt.dll
0x00007ff86d340000 - 0x00007ff86d399000 	C:\Windows\System32\sechost.dll
0x00007ff86d1f0000 - 0x00007ff86d311000 	C:\Windows\System32\RPCRT4.dll
0x00007ff86d3b0000 - 0x00007ff86d515000 	C:\Windows\System32\USER32.dll
0x00007ff86a3c0000 - 0x00007ff86a3de000 	C:\Windows\System32\win32u.dll
0x00007ff86d180000 - 0x00007ff86d1b4000 	C:\Windows\System32\GDI32.dll
0x00007ff869c60000 - 0x00007ff869de2000 	C:\Windows\System32\gdi32full.dll
0x00007ff861ff0000 - 0x00007ff86226a000 	C:\Windows\WinSxS\amd64_microsoft.windows.common-controls_6595b64144ccf1df_6.0.14393.953_none_42151e83c686086b\COMCTL32.dll
0x00007ff86ad00000 - 0x00007ff86afc8000 	C:\Windows\System32\combase.dll
0x00007ff86a2c0000 - 0x00007ff86a3b5000 	C:\Windows\System32\ucrtbase.dll
0x00007ff86a3e0000 - 0x00007ff86a44a000 	C:\Windows\System32\bcryptPrimitives.dll
0x00007ff86d1c0000 - 0x00007ff86d1ee000 	C:\Windows\System32\IMM32.DLL
0x000000005f090000 - 0x000000005f162000 	C:\Program Files\Java\jdk1.8.0_151\jre\bin\msvcr100.dll
0x000000005e7f0000 - 0x000000005f08d000 	C:\Program Files\Java\jdk1.8.0_151\jre\bin\server\jvm.dll
0x00007ff86afd0000 - 0x00007ff86afd8000 	C:\Windows\System32\PSAPI.DLL
0x00007ff868050000 - 0x00007ff868073000 	C:\Windows\SYSTEM32\WINMM.dll
0x00007ff864360000 - 0x00007ff86436a000 	C:\Windows\SYSTEM32\VERSION.dll
0x00007ff85ad80000 - 0x00007ff85ad89000 	C:\Windows\SYSTEM32\WSOCK32.dll
0x00007ff86d700000 - 0x00007ff86d76a000 	C:\Windows\System32\WS2_32.dll
0x00007ff867eb0000 - 0x00007ff867edb000 	C:\Windows\SYSTEM32\WINMMBASE.dll
0x00007ff86a270000 - 0x00007ff86a2b2000 	C:\Windows\System32\cfgmgr32.dll
0x0000000060620000 - 0x000000006062f000 	C:\Program Files\Java\jdk1.8.0_151\jre\bin\verify.dll
0x000000005e7c0000 - 0x000000005e7e9000 	C:\Program Files\Java\jdk1.8.0_151\jre\bin\java.dll
0x000000005e7a0000 - 0x000000005e7b6000 	C:\Program Files\Java\jdk1.8.0_151\jre\bin\zip.dll
0x00007ff86b220000 - 0x00007ff86c728000 	C:\Windows\System32\SHELL32.dll
0x00007ff86a620000 - 0x00007ff86acfa000 	C:\Windows\System32\windows.storage.dll
0x00007ff869c00000 - 0x00007ff869c4c000 	C:\Windows\System32\powrprof.dll
0x00007ff86cf60000 - 0x00007ff86cfb2000 	C:\Windows\System32\shlwapi.dll
0x00007ff869c50000 - 0x00007ff869c5f000 	C:\Windows\System32\kernel.appcore.dll
0x00007ff869e50000 - 0x00007ff869ef9000 	C:\Windows\System32\shcore.dll
0x00007ff869be0000 - 0x00007ff869bf4000 	C:\Windows\System32\profapi.dll
0x000000005e780000 - 0x000000005e79a000 	C:\Program Files\Java\jdk1.8.0_151\jre\bin\net.dll
0x00007ff869500000 - 0x00007ff86955c000 	C:\Windows\system32\mswsock.dll
0x00007ff869280000 - 0x00007ff8692b8000 	C:\Windows\SYSTEM32\IPHLPAPI.DLL
0x00007ff86d3a0000 - 0x00007ff86d3a8000 	C:\Windows\System32\NSI.dll
0x00007ff860650000 - 0x00007ff860666000 	C:\Windows\SYSTEM32\dhcpcsvc6.DLL
0x00007ff866220000 - 0x00007ff86623a000 	C:\Windows\SYSTEM32\dhcpcsvc.DLL
0x00007ff8692c0000 - 0x00007ff869361000 	C:\Windows\SYSTEM32\DNSAPI.dll
0x00007ff85b4b0000 - 0x00007ff85b4ba000 	C:\Windows\System32\rasadhlp.dll
0x000000005e720000 - 0x000000005e72d000 	C:\Program Files\Java\jdk1.8.0_151\jre\bin\management.dll
0x00007ff855a00000 - 0x00007ff855a16000 	C:\Windows\system32\napinsp.dll
0x00007ff8559e0000 - 0x00007ff8559fa000 	C:\Windows\system32\pnrpnsp.dll
0x00007ff8677f0000 - 0x00007ff867808000 	C:\Windows\system32\NLAapi.dll
0x00007ff857a00000 - 0x00007ff857a0e000 	C:\Windows\System32\winrnr.dll
0x00007ff8559c0000 - 0x00007ff8559d5000 	C:\Windows\System32\wshbth.dll
0x00007ff861130000 - 0x00007ff86119a000 	C:\Windows\System32\fwpuclnt.dll
0x00007ff8697b0000 - 0x00007ff8697db000 	C:\Windows\SYSTEM32\bcrypt.dll
0x000000005e760000 - 0x000000005e771000 	C:\Program Files\Java\jdk1.8.0_151\jre\bin\nio.dll

VM Arguments:
java_command: F:\IDEAworkspace\kkcms\backend\kkcms-user\target\surefire\surefirebooter1757180365631483249.jar F:\IDEAworkspace\kkcms\backend\kkcms-user\target\surefire\surefire6976103283028415238tmp F:\IDEAworkspace\kkcms\backend\kkcms-user\target\surefire\surefire_02787673557272818442tmp
java_class_path (initial): F:\IDEAworkspace\kkcms\backend\kkcms-user\target\surefire\surefirebooter1757180365631483249.jar
Launcher Type: SUN_STANDARD

Environment Variables:
JAVA_HOME=C:\Program Files\Java\jdk1.8.0_151
CLASSPATH=.;C:\Program Files\Java\jdk1.8.0_151\lib\dt.jar;C:\Program Files\Java\jdk1.8.0_151\lib\tools.jar;
PATH=F:\app\oraclewh\product\12.1.0\dbhome_1\bin;F:\app\hutwanghui\product\12.1.0\dbhome_1\bin;D:\python\Scripts\;D:\python\;C:\ProgramData\Oracle\Java\javapath;C:\Program Files (x86)\Intel\iCLS Client\;C:\Program Files\Intel\iCLS Client\;C:\Windows\system32;C:\Windows;C:\Windows\System32\Wbem;C:\Windows\System32\WindowsPowerShell\v1.0\;C:\Program Files (x86)\NVIDIA Corporation\PhysX\Common;C:\Program Files (x86)\Intel\Intel(R) Management Engine Components\DAL;C:\Program Files\Intel\Intel(R) Management Engine Components\DAL;C:\Program Files (x86)\Intel\Intel(R) Management Engine Components\IPT;C:\Program Files\Intel\Intel(R) Management Engine Components\IPT;C:\Program Files\Intel\WiFi\bin\;C:\Program Files\Common Files\Intel\WirelessCommon\;C:\Program Files\MySQL\MySQL Utilities 1.6\;C:\Program Files\MySQL\MySQL Server 5.7\bin;D:\Program Files\VisualSVN Server\bin;D:\Program Files\redis\;D:\Program Files\TortoiseSVN\bin;D:\Program Files\nodejs\;D:\Program Files\apache-maven-3.5.2\bin;D:\Program Files\PuTTY\;C:\Users\msi-\AppData\Local\Microsoft\WindowsApps;C:\Users\msi-\AppData\Roaming\npm
USERNAME=msi-
OS=Windows_NT
PROCESSOR_IDENTIFIER=Intel64 Family 6 Model 158 Stepping 9, GenuineIntel



---------------  S Y S T E M  ---------------

OS: Windows 10.0 , 64 bit Build 14393 (10.0.14393.0)

CPU:total 8 (initial active 8) (4 cores per cpu, 2 threads per core) family 6 model 158 stepping 9, cmov, cx8, fxsr, mmx, sse, sse2, sse3, ssse3, sse4.1, sse4.2, popcnt, avx, avx2, aes, clmul, erms, 3dnowpref, lzcnt, ht, tsc, tscinvbit, bmi1, bmi2, adx

Memory: 4k page, physical 8302928k(258096k free), swap 23762124k(2116k free)

vm_info: Java HotSpot(TM) 64-Bit Server VM (25.151-b12) for windows-amd64 JRE (1.8.0_151-b12), built on Sep  5 2017 19:33:46 by "java_re" with MS VC++ 10.0 (VS2010)

time: Fri Feb 09 20:00:01 2018
elapsed time: 12 seconds (0d 0h 0m 12s)

